This is pdfTeX, Version 3.14159265-2.6-1.40.15 (TeX Live 2014) (preloaded format=pdflatex 2015.5.17)  19 APR 2017 14:12
entering extended mode
 restricted \write18 enabled.
 file:line:error style messages enabled.
 %&-line parsing enabled.
**zusammenfassung_cv.tex
(./zusammenfassung_cv.tex
LaTeX2e <2014/05/01>
Babel <3.9k> and hyphenation patterns for 78 languages loaded.
(/usr/local/texlive/2014/texmf-dist/tex/latex/koma-script/scrartcl.cls
Document Class: scrartcl 2013/12/19 v3.12 KOMA-Script document class (article)
(/usr/local/texlive/2014/texmf-dist/tex/latex/koma-script/scrkbase.sty
Package: scrkbase 2013/12/19 v3.12 KOMA-Script package (KOMA-Script-dependent b
asics and keyval usage)

(/usr/local/texlive/2014/texmf-dist/tex/latex/koma-script/scrbase.sty
Package: scrbase 2013/12/19 v3.12 KOMA-Script package (KOMA-Script-independent 
basics and keyval usage)

(/usr/local/texlive/2014/texmf-dist/tex/latex/graphics/keyval.sty
Package: keyval 2014/05/08 v1.15 key=value parser (DPC)
\KV@toks@=\toks14
)
(/usr/local/texlive/2014/texmf-dist/tex/latex/koma-script/scrlfile.sty
Package: scrlfile 2013/12/19 v3.12 KOMA-Script package (loading files)

Package scrlfile, 2013/12/19 v3.12 KOMA-Script package (loading files)
                  Copyright (C) Markus Kohm

))) (/usr/local/texlive/2014/texmf-dist/tex/latex/koma-script/tocbasic.sty
Package: tocbasic 2013/12/19 v3.12 KOMA-Script package (handling toc-files)
)
Package tocbasic Info: omitting babel extension for `toc'
(tocbasic)             because of feature `nobabel' available
(tocbasic)             for `toc' on input line 115.
Package tocbasic Info: omitting babel extension for `lof'
(tocbasic)             because of feature `nobabel' available
(tocbasic)             for `lof' on input line 116.
Package tocbasic Info: omitting babel extension for `lot'
(tocbasic)             because of feature `nobabel' available
(tocbasic)             for `lot' on input line 117.
Class scrartcl Info: File `scrsize11pt.clo' used to setup font sizes on input l
ine 1531.

(/usr/local/texlive/2014/texmf-dist/tex/latex/koma-script/scrsize11pt.clo
File: scrsize11pt.clo 2013/12/19 v3.12 KOMA-Script font size class option (11pt
)
)
(/usr/local/texlive/2014/texmf-dist/tex/latex/koma-script/typearea.sty
Package: typearea 2013/12/19 v3.12 KOMA-Script package (type area)

Package typearea, 2013/12/19 v3.12 KOMA-Script package (type area)
                  Copyright (C) Frank Neukam, 1992-1994
                  Copyright (C) Markus Kohm, 1994-

\ta@bcor=\skip41
\ta@div=\count79
\ta@hblk=\skip42
\ta@vblk=\skip43
\ta@temp=\skip44
\footheight=\skip45
Package typearea Info: These are the values describing the layout:
(typearea)             DIV  = 10
(typearea)             BCOR = 0.0pt
(typearea)             \paperwidth      = 597.50793pt
(typearea)              \textwidth      = 418.25555pt
(typearea)              DIV departure   = -6%
(typearea)              \evensidemargin = 17.3562pt
(typearea)              \oddsidemargin  = 17.3562pt
(typearea)             \paperheight     = 845.04694pt
(typearea)              \textheight     = 595.80026pt
(typearea)              \topmargin      = -25.16531pt
(typearea)              \headheight     = 17.0pt
(typearea)              \headsep        = 20.40001pt
(typearea)              \topskip        = 11.0pt
(typearea)              \footskip       = 47.6pt
(typearea)              \baselineskip   = 13.6pt
(typearea)              on input line 1330.
)
\c@part=\count80
\c@section=\count81
\c@subsection=\count82
\c@subsubsection=\count83
\c@paragraph=\count84
\c@subparagraph=\count85
\abovecaptionskip=\skip46
\belowcaptionskip=\skip47
\c@pti@nb@sid@b@x=\box26
\c@figure=\count86
\c@table=\count87
\bibindent=\dimen102
) (/usr/local/texlive/2014/texmf-dist/tex/latex/base/fontenc.sty
Package: fontenc 2005/09/27 v1.99g Standard LaTeX package

(/usr/local/texlive/2014/texmf-dist/tex/latex/base/t1enc.def
File: t1enc.def 2005/09/27 v1.99g Standard LaTeX file
LaTeX Font Info:    Redeclaring font encoding T1 on input line 43.
))
(/usr/local/texlive/2014/texmf-dist/tex/generic/babel/babel.sty
Package: babel 2014/03/24 3.9k The Babel package

(/usr/local/texlive/2014/texmf-dist/tex/generic/babel-german/ngerman.ldf
Language: ngerman 2013/12/13 v2.7 German support for babel (new orthography)

(/usr/local/texlive/2014/texmf-dist/tex/generic/babel-german/ngermanb.ldf
Language: ngermanb 2013/12/13 v2.7 German support for babel (new orthography)

(/usr/local/texlive/2014/texmf-dist/tex/generic/babel/babel.def
File: babel.def 2014/03/24 3.9k Babel common definitions
\babel@savecnt=\count88
\U@D=\dimen103
)
\l@naustrian = a dialect from \language\l@ngerman 
\l@nswissgerman = a dialect from \language\l@ngerman 
Package babel Info: Making " an active character on input line 88.
)))
(/usr/local/texlive/2014/texmf-dist/tex/latex/fourier/fourier.sty
Package: fourier 2005/01/01 1.4 fourier-GUTenberg package

(/usr/local/texlive/2014/texmf-dist/tex/latex/base/fontenc.sty
Package: fontenc 2005/09/27 v1.99g Standard LaTeX package

(/usr/local/texlive/2014/texmf-dist/tex/latex/base/t1enc.def
File: t1enc.def 2005/09/27 v1.99g Standard LaTeX file
LaTeX Font Info:    Redeclaring font encoding T1 on input line 43.
))
(/usr/local/texlive/2014/texmf-dist/tex/latex/base/textcomp.sty
Package: textcomp 2005/09/27 v1.99g Standard LaTeX package
Package textcomp Info: Sub-encoding information:
(textcomp)               5 = only ISO-Adobe without \textcurrency
(textcomp)               4 = 5 + \texteuro
(textcomp)               3 = 4 + \textohm
(textcomp)               2 = 3 + \textestimated + \textcurrency
(textcomp)               1 = TS1 - \textcircled - \t
(textcomp)               0 = TS1 (full)
(textcomp)             Font families with sub-encoding setting implement
(textcomp)             only a restricted character set as indicated.
(textcomp)             Family '?' is the default used for unknown fonts.
(textcomp)             See the documentation for details.
Package textcomp Info: Setting ? sub-encoding to TS1/1 on input line 71.

(/usr/local/texlive/2014/texmf-dist/tex/latex/base/ts1enc.def
File: ts1enc.def 2001/06/05 v3.0e (jk/car/fm) Standard LaTeX file
)
LaTeX Info: Redefining \oldstylenums on input line 266.
Package textcomp Info: Setting cmr sub-encoding to TS1/0 on input line 281.
Package textcomp Info: Setting cmss sub-encoding to TS1/0 on input line 282.
Package textcomp Info: Setting cmtt sub-encoding to TS1/0 on input line 283.
Package textcomp Info: Setting cmvtt sub-encoding to TS1/0 on input line 284.
Package textcomp Info: Setting cmbr sub-encoding to TS1/0 on input line 285.
Package textcomp Info: Setting cmtl sub-encoding to TS1/0 on input line 286.
Package textcomp Info: Setting ccr sub-encoding to TS1/0 on input line 287.
Package textcomp Info: Setting ptm sub-encoding to TS1/4 on input line 288.
Package textcomp Info: Setting pcr sub-encoding to TS1/4 on input line 289.
Package textcomp Info: Setting phv sub-encoding to TS1/4 on input line 290.
Package textcomp Info: Setting ppl sub-encoding to TS1/3 on input line 291.
Package textcomp Info: Setting pag sub-encoding to TS1/4 on input line 292.
Package textcomp Info: Setting pbk sub-encoding to TS1/4 on input line 293.
Package textcomp Info: Setting pnc sub-encoding to TS1/4 on input line 294.
Package textcomp Info: Setting pzc sub-encoding to TS1/4 on input line 295.
Package textcomp Info: Setting bch sub-encoding to TS1/4 on input line 296.
Package textcomp Info: Setting put sub-encoding to TS1/5 on input line 297.
Package textcomp Info: Setting uag sub-encoding to TS1/5 on input line 298.
Package textcomp Info: Setting ugq sub-encoding to TS1/5 on input line 299.
Package textcomp Info: Setting ul8 sub-encoding to TS1/4 on input line 300.
Package textcomp Info: Setting ul9 sub-encoding to TS1/4 on input line 301.
Package textcomp Info: Setting augie sub-encoding to TS1/5 on input line 302.
Package textcomp Info: Setting dayrom sub-encoding to TS1/3 on input line 303.
Package textcomp Info: Setting dayroms sub-encoding to TS1/3 on input line 304.

Package textcomp Info: Setting pxr sub-encoding to TS1/0 on input line 305.
Package textcomp Info: Setting pxss sub-encoding to TS1/0 on input line 306.
Package textcomp Info: Setting pxtt sub-encoding to TS1/0 on input line 307.
Package textcomp Info: Setting txr sub-encoding to TS1/0 on input line 308.
Package textcomp Info: Setting txss sub-encoding to TS1/0 on input line 309.
Package textcomp Info: Setting txtt sub-encoding to TS1/0 on input line 310.
Package textcomp Info: Setting lmr sub-encoding to TS1/0 on input line 311.
Package textcomp Info: Setting lmdh sub-encoding to TS1/0 on input line 312.
Package textcomp Info: Setting lmss sub-encoding to TS1/0 on input line 313.
Package textcomp Info: Setting lmssq sub-encoding to TS1/0 on input line 314.
Package textcomp Info: Setting lmvtt sub-encoding to TS1/0 on input line 315.
Package textcomp Info: Setting qhv sub-encoding to TS1/0 on input line 316.
Package textcomp Info: Setting qag sub-encoding to TS1/0 on input line 317.
Package textcomp Info: Setting qbk sub-encoding to TS1/0 on input line 318.
Package textcomp Info: Setting qcr sub-encoding to TS1/0 on input line 319.
Package textcomp Info: Setting qcs sub-encoding to TS1/0 on input line 320.
Package textcomp Info: Setting qpl sub-encoding to TS1/0 on input line 321.
Package textcomp Info: Setting qtm sub-encoding to TS1/0 on input line 322.
Package textcomp Info: Setting qzc sub-encoding to TS1/0 on input line 323.
Package textcomp Info: Setting qhvc sub-encoding to TS1/0 on input line 324.
Package textcomp Info: Setting futs sub-encoding to TS1/4 on input line 325.
Package textcomp Info: Setting futx sub-encoding to TS1/4 on input line 326.
Package textcomp Info: Setting futj sub-encoding to TS1/4 on input line 327.
Package textcomp Info: Setting hlh sub-encoding to TS1/3 on input line 328.
Package textcomp Info: Setting hls sub-encoding to TS1/3 on input line 329.
Package textcomp Info: Setting hlst sub-encoding to TS1/3 on input line 330.
Package textcomp Info: Setting hlct sub-encoding to TS1/5 on input line 331.
Package textcomp Info: Setting hlx sub-encoding to TS1/5 on input line 332.
Package textcomp Info: Setting hlce sub-encoding to TS1/5 on input line 333.
Package textcomp Info: Setting hlcn sub-encoding to TS1/5 on input line 334.
Package textcomp Info: Setting hlcw sub-encoding to TS1/5 on input line 335.
Package textcomp Info: Setting hlcf sub-encoding to TS1/5 on input line 336.
Package textcomp Info: Setting pplx sub-encoding to TS1/3 on input line 337.
Package textcomp Info: Setting pplj sub-encoding to TS1/3 on input line 338.
Package textcomp Info: Setting ptmx sub-encoding to TS1/4 on input line 339.
Package textcomp Info: Setting ptmj sub-encoding to TS1/4 on input line 340.
)
(/usr/local/texlive/2014/texmf-dist/tex/latex/fourier/fourier-orns.sty
Package: fourier-orns 2004/01/30 1.1 fourier-ornaments package
)
LaTeX Font Info:    Redeclaring symbol font `operators' on input line 50.
LaTeX Font Info:    Encoding `OT1' has changed to `T1' for symbol font
(Font)              `operators' in the math version `normal' on input line 50.
LaTeX Font Info:    Overwriting symbol font `operators' in version `normal'
(Font)                  OT1/cmr/m/n --> T1/futs/m/n on input line 50.
LaTeX Font Info:    Encoding `OT1' has changed to `T1' for symbol font
(Font)              `operators' in the math version `bold' on input line 50.
LaTeX Font Info:    Overwriting symbol font `operators' in version `bold'
(Font)                  OT1/cmr/bx/n --> T1/futs/m/n on input line 50.
LaTeX Font Info:    Overwriting symbol font `operators' in version `bold'
(Font)                  T1/futs/m/n --> T1/futs/b/n on input line 51.
LaTeX Font Info:    Redeclaring symbol font `letters' on input line 59.
LaTeX Font Info:    Encoding `OML' has changed to `FML' for symbol font
(Font)              `letters' in the math version `normal' on input line 59.
LaTeX Font Info:    Overwriting symbol font `letters' in version `normal'
(Font)                  OML/cmm/m/it --> FML/futmi/m/it on input line 59.
LaTeX Font Info:    Encoding `OML' has changed to `FML' for symbol font
(Font)              `letters' in the math version `bold' on input line 59.
LaTeX Font Info:    Overwriting symbol font `letters' in version `bold'
(Font)                  OML/cmm/b/it --> FML/futmi/m/it on input line 59.
\symotherletters=\mathgroup4
LaTeX Font Info:    Overwriting symbol font `letters' in version `bold'
(Font)                  FML/futmi/m/it --> FML/futmi/b/it on input line 61.
LaTeX Font Info:    Overwriting symbol font `otherletters' in version `bold'
(Font)                  FML/futm/m/it --> FML/futm/b/it on input line 62.
LaTeX Font Info:    Redeclaring math symbol \Gamma on input line 63.
LaTeX Font Info:    Redeclaring math symbol \Delta on input line 64.
LaTeX Font Info:    Redeclaring math symbol \Theta on input line 65.
LaTeX Font Info:    Redeclaring math symbol \Lambda on input line 66.
LaTeX Font Info:    Redeclaring math symbol \Xi on input line 67.
LaTeX Font Info:    Redeclaring math symbol \Pi on input line 68.
LaTeX Font Info:    Redeclaring math symbol \Sigma on input line 69.
LaTeX Font Info:    Redeclaring math symbol \Upsilon on input line 70.
LaTeX Font Info:    Redeclaring math symbol \Phi on input line 71.
LaTeX Font Info:    Redeclaring math symbol \Psi on input line 72.
LaTeX Font Info:    Redeclaring math symbol \Omega on input line 73.
LaTeX Font Info:    Redeclaring symbol font `symbols' on input line 113.
LaTeX Font Info:    Encoding `OMS' has changed to `FMS' for symbol font
(Font)              `symbols' in the math version `normal' on input line 113.
LaTeX Font Info:    Overwriting symbol font `symbols' in version `normal'
(Font)                  OMS/cmsy/m/n --> FMS/futm/m/n on input line 113.
LaTeX Font Info:    Encoding `OMS' has changed to `FMS' for symbol font
(Font)              `symbols' in the math version `bold' on input line 113.
LaTeX Font Info:    Overwriting symbol font `symbols' in version `bold'
(Font)                  OMS/cmsy/b/n --> FMS/futm/m/n on input line 113.
LaTeX Font Info:    Redeclaring symbol font `largesymbols' on input line 114.
LaTeX Font Info:    Encoding `OMX' has changed to `FMX' for symbol font
(Font)              `largesymbols' in the math version `normal' on input line 1
14.
LaTeX Font Info:    Overwriting symbol font `largesymbols' in version `normal'
(Font)                  OMX/cmex/m/n --> FMX/futm/m/n on input line 114.
LaTeX Font Info:    Encoding `OMX' has changed to `FMX' for symbol font
(Font)              `largesymbols' in the math version `bold' on input line 114
.
LaTeX Font Info:    Overwriting symbol font `largesymbols' in version `bold'
(Font)                  OMX/cmex/m/n --> FMX/futm/m/n on input line 114.
LaTeX Font Info:    Redeclaring math alphabet \mathbf on input line 115.
LaTeX Font Info:    Overwriting math alphabet `\mathbf' in version `normal'
(Font)                  OT1/cmr/bx/n --> T1/futs/bx/n on input line 115.
LaTeX Font Info:    Overwriting math alphabet `\mathbf' in version `bold'
(Font)                  OT1/cmr/bx/n --> T1/futs/bx/n on input line 115.
LaTeX Font Info:    Redeclaring math alphabet \mathrm on input line 116.
LaTeX Font Info:    Redeclaring math alphabet \mathit on input line 117.
LaTeX Font Info:    Overwriting math alphabet `\mathit' in version `normal'
(Font)                  OT1/cmr/m/it --> T1/futs/m/it on input line 117.
LaTeX Font Info:    Overwriting math alphabet `\mathit' in version `bold'
(Font)                  OT1/cmr/bx/it --> T1/futs/m/it on input line 117.
LaTeX Font Info:    Redeclaring math alphabet \mathcal on input line 118.
LaTeX Font Info:    Redeclaring math symbol \parallel on input line 134.
LaTeX Font Info:    Redeclaring math symbol \hbar on input line 148.
LaTeX Font Info:    Redeclaring math symbol \varkappa on input line 186.
LaTeX Font Info:    Redeclaring math symbol \varvarrho on input line 187.
LaTeX Font Info:    Redeclaring math delimiter \Vert on input line 210.
LaTeX Font Info:    Redeclaring math delimiter \vert on input line 215.
LaTeX Font Info:    Redeclaring math delimiter \Downarrow on input line 225.
LaTeX Font Info:    Redeclaring math delimiter \backslash on input line 227.
LaTeX Font Info:    Redeclaring math delimiter \rangle on input line 229.
LaTeX Font Info:    Redeclaring math delimiter \langle on input line 231.
LaTeX Font Info:    Redeclaring math delimiter \rbrace on input line 233.
LaTeX Font Info:    Redeclaring math delimiter \lbrace on input line 235.
LaTeX Font Info:    Redeclaring math delimiter \rceil on input line 237.
LaTeX Font Info:    Redeclaring math delimiter \lceil on input line 239.
LaTeX Font Info:    Redeclaring math delimiter \rfloor on input line 241.
LaTeX Font Info:    Redeclaring math delimiter \lfloor on input line 243.
LaTeX Font Info:    Redeclaring math accent \acute on input line 247.
LaTeX Font Info:    Redeclaring math accent \grave on input line 248.
LaTeX Font Info:    Redeclaring math accent \ddot on input line 249.
LaTeX Font Info:    Redeclaring math accent \tilde on input line 250.
LaTeX Font Info:    Redeclaring math accent \bar on input line 251.
LaTeX Font Info:    Redeclaring math accent \breve on input line 252.
LaTeX Font Info:    Redeclaring math accent \check on input line 253.
LaTeX Font Info:    Redeclaring math accent \hat on input line 254.
LaTeX Font Info:    Redeclaring math accent \dot on input line 255.
LaTeX Font Info:    Redeclaring math accent \mathring on input line 256.
\symUfutm=\mathgroup5
)
(/usr/local/texlive/2014/texmf-dist/tex/latex/amsmath/amsmath.sty
Package: amsmath 2013/01/14 v2.14 AMS math features
\@mathmargin=\skip48

For additional information on amsmath, use the `?' option.
(/usr/local/texlive/2014/texmf-dist/tex/latex/amsmath/amstext.sty
Package: amstext 2000/06/29 v2.01

(/usr/local/texlive/2014/texmf-dist/tex/latex/amsmath/amsgen.sty
File: amsgen.sty 1999/11/30 v2.0
\@emptytoks=\toks15
\ex@=\dimen104
))
(/usr/local/texlive/2014/texmf-dist/tex/latex/amsmath/amsbsy.sty
Package: amsbsy 1999/11/29 v1.2d
\pmbraise@=\dimen105
)
(/usr/local/texlive/2014/texmf-dist/tex/latex/amsmath/amsopn.sty
Package: amsopn 1999/12/14 v2.01 operator names
)
\inf@bad=\count89
LaTeX Info: Redefining \frac on input line 210.
\uproot@=\count90
\leftroot@=\count91
LaTeX Info: Redefining \overline on input line 306.
\classnum@=\count92
\DOTSCASE@=\count93
LaTeX Info: Redefining \ldots on input line 378.
LaTeX Info: Redefining \dots on input line 381.
LaTeX Info: Redefining \cdots on input line 466.
\Mathstrutbox@=\box27
\strutbox@=\box28
\big@size=\dimen106
LaTeX Font Info:    Redeclaring font encoding OML on input line 566.
LaTeX Font Info:    Redeclaring font encoding OMS on input line 567.
\macc@depth=\count94
\c@MaxMatrixCols=\count95
\dotsspace@=\muskip10
\c@parentequation=\count96
\dspbrk@lvl=\count97
\tag@help=\toks16
\row@=\count98
\column@=\count99
\maxfields@=\count100
\andhelp@=\toks17
\eqnshift@=\dimen107
\alignsep@=\dimen108
\tagshift@=\dimen109
\tagwidth@=\dimen110
\totwidth@=\dimen111
\lineht@=\dimen112
\@envbody=\toks18
\multlinegap=\skip49
\multlinetaggap=\skip50
\mathdisplay@stack=\toks19
LaTeX Info: Redefining \[ on input line 2665.
LaTeX Info: Redefining \] on input line 2666.
)
(/usr/local/texlive/2014/texmf-dist/tex/latex/amsfonts/amsfonts.sty
Package: amsfonts 2013/01/14 v3.01 Basic AMSFonts support
\symAMSa=\mathgroup6
\symAMSb=\mathgroup7
LaTeX Font Info:    Overwriting math alphabet `\mathfrak' in version `bold'
(Font)                  U/euf/m/n --> U/euf/b/n on input line 106.
LaTeX Font Info:    Redeclaring math symbol \square on input line 141.
)
(/usr/local/texlive/2014/texmf-dist/tex/latex/amscls/amsthm.sty
Package: amsthm 2004/08/06 v2.20
\thm@style=\toks20
\thm@bodyfont=\toks21
\thm@headfont=\toks22
\thm@notefont=\toks23
\thm@headpunct=\toks24
\thm@preskip=\skip51
\thm@postskip=\skip52
\thm@headsep=\skip53
\dth@everypar=\toks25
)
(/usr/local/texlive/2014/texmf-dist/tex/latex/graphics/graphicx.sty
Package: graphicx 2014/04/25 v1.0g Enhanced LaTeX Graphics (DPC,SPQR)

(/usr/local/texlive/2014/texmf-dist/tex/latex/graphics/graphics.sty
Package: graphics 2009/02/05 v1.0o Standard LaTeX Graphics (DPC,SPQR)

(/usr/local/texlive/2014/texmf-dist/tex/latex/graphics/trig.sty
Package: trig 1999/03/16 v1.09 sin cos tan (DPC)
)
(/usr/local/texlive/2014/texmf-dist/tex/latex/latexconfig/graphics.cfg
File: graphics.cfg 2010/04/23 v1.9 graphics configuration of TeX Live
)
Package graphics Info: Driver file: pdftex.def on input line 91.

(/usr/local/texlive/2014/texmf-dist/tex/latex/pdftex-def/pdftex.def
File: pdftex.def 2011/05/27 v0.06d Graphics/color for pdfTeX

(/usr/local/texlive/2014/texmf-dist/tex/generic/oberdiek/infwarerr.sty
Package: infwarerr 2010/04/08 v1.3 Providing info/warning/error messages (HO)
)
(/usr/local/texlive/2014/texmf-dist/tex/generic/oberdiek/ltxcmds.sty
Package: ltxcmds 2011/11/09 v1.22 LaTeX kernel commands for general use (HO)
)
\Gread@gobject=\count101
))
\Gin@req@height=\dimen113
\Gin@req@width=\dimen114
)
(/usr/local/texlive/2014/texmf-dist/tex/latex/base/inputenc.sty
Package: inputenc 2014/04/30 v1.2b Input encoding file
\inpenc@prehook=\toks26
\inpenc@posthook=\toks27

(/usr/local/texlive/2014/texmf-dist/tex/latex/base/utf8.def
File: utf8.def 2008/04/05 v1.1m UTF-8 support for inputenc
Now handling font encoding OML ...
... no UTF-8 mapping file for font encoding OML
Now handling font encoding T1 ...
... processing UTF-8 mapping file for font encoding T1

(/usr/local/texlive/2014/texmf-dist/tex/latex/base/t1enc.dfu
File: t1enc.dfu 2008/04/05 v1.1m UTF-8 support for inputenc
   defining Unicode char U+00A1 (decimal 161)
   defining Unicode char U+00A3 (decimal 163)
   defining Unicode char U+00AB (decimal 171)
   defining Unicode char U+00BB (decimal 187)
   defining Unicode char U+00BF (decimal 191)
   defining Unicode char U+00C0 (decimal 192)
   defining Unicode char U+00C1 (decimal 193)
   defining Unicode char U+00C2 (decimal 194)
   defining Unicode char U+00C3 (decimal 195)
   defining Unicode char U+00C4 (decimal 196)
   defining Unicode char U+00C5 (decimal 197)
   defining Unicode char U+00C6 (decimal 198)
   defining Unicode char U+00C7 (decimal 199)
   defining Unicode char U+00C8 (decimal 200)
   defining Unicode char U+00C9 (decimal 201)
   defining Unicode char U+00CA (decimal 202)
   defining Unicode char U+00CB (decimal 203)
   defining Unicode char U+00CC (decimal 204)
   defining Unicode char U+00CD (decimal 205)
   defining Unicode char U+00CE (decimal 206)
   defining Unicode char U+00CF (decimal 207)
   defining Unicode char U+00D0 (decimal 208)
   defining Unicode char U+00D1 (decimal 209)
   defining Unicode char U+00D2 (decimal 210)
   defining Unicode char U+00D3 (decimal 211)
   defining Unicode char U+00D4 (decimal 212)
   defining Unicode char U+00D5 (decimal 213)
   defining Unicode char U+00D6 (decimal 214)
   defining Unicode char U+00D8 (decimal 216)
   defining Unicode char U+00D9 (decimal 217)
   defining Unicode char U+00DA (decimal 218)
   defining Unicode char U+00DB (decimal 219)
   defining Unicode char U+00DC (decimal 220)
   defining Unicode char U+00DD (decimal 221)
   defining Unicode char U+00DE (decimal 222)
   defining Unicode char U+00DF (decimal 223)
   defining Unicode char U+00E0 (decimal 224)
   defining Unicode char U+00E1 (decimal 225)
   defining Unicode char U+00E2 (decimal 226)
   defining Unicode char U+00E3 (decimal 227)
   defining Unicode char U+00E4 (decimal 228)
   defining Unicode char U+00E5 (decimal 229)
   defining Unicode char U+00E6 (decimal 230)
   defining Unicode char U+00E7 (decimal 231)
   defining Unicode char U+00E8 (decimal 232)
   defining Unicode char U+00E9 (decimal 233)
   defining Unicode char U+00EA (decimal 234)
   defining Unicode char U+00EB (decimal 235)
   defining Unicode char U+00EC (decimal 236)
   defining Unicode char U+00ED (decimal 237)
   defining Unicode char U+00EE (decimal 238)
   defining Unicode char U+00EF (decimal 239)
   defining Unicode char U+00F0 (decimal 240)
   defining Unicode char U+00F1 (decimal 241)
   defining Unicode char U+00F2 (decimal 242)
   defining Unicode char U+00F3 (decimal 243)
   defining Unicode char U+00F4 (decimal 244)
   defining Unicode char U+00F5 (decimal 245)
   defining Unicode char U+00F6 (decimal 246)
   defining Unicode char U+00F8 (decimal 248)
   defining Unicode char U+00F9 (decimal 249)
   defining Unicode char U+00FA (decimal 250)
   defining Unicode char U+00FB (decimal 251)
   defining Unicode char U+00FC (decimal 252)
   defining Unicode char U+00FD (decimal 253)
   defining Unicode char U+00FE (decimal 254)
   defining Unicode char U+00FF (decimal 255)
   defining Unicode char U+0102 (decimal 258)
   defining Unicode char U+0103 (decimal 259)
   defining Unicode char U+0104 (decimal 260)
   defining Unicode char U+0105 (decimal 261)
   defining Unicode char U+0106 (decimal 262)
   defining Unicode char U+0107 (decimal 263)
   defining Unicode char U+010C (decimal 268)
   defining Unicode char U+010D (decimal 269)
   defining Unicode char U+010E (decimal 270)
   defining Unicode char U+010F (decimal 271)
   defining Unicode char U+0110 (decimal 272)
   defining Unicode char U+0111 (decimal 273)
   defining Unicode char U+0118 (decimal 280)
   defining Unicode char U+0119 (decimal 281)
   defining Unicode char U+011A (decimal 282)
   defining Unicode char U+011B (decimal 283)
   defining Unicode char U+011E (decimal 286)
   defining Unicode char U+011F (decimal 287)
   defining Unicode char U+0130 (decimal 304)
   defining Unicode char U+0131 (decimal 305)
   defining Unicode char U+0132 (decimal 306)
   defining Unicode char U+0133 (decimal 307)
   defining Unicode char U+0139 (decimal 313)
   defining Unicode char U+013A (decimal 314)
   defining Unicode char U+013D (decimal 317)
   defining Unicode char U+013E (decimal 318)
   defining Unicode char U+0141 (decimal 321)
   defining Unicode char U+0142 (decimal 322)
   defining Unicode char U+0143 (decimal 323)
   defining Unicode char U+0144 (decimal 324)
   defining Unicode char U+0147 (decimal 327)
   defining Unicode char U+0148 (decimal 328)
   defining Unicode char U+014A (decimal 330)
   defining Unicode char U+014B (decimal 331)
   defining Unicode char U+0150 (decimal 336)
   defining Unicode char U+0151 (decimal 337)
   defining Unicode char U+0152 (decimal 338)
   defining Unicode char U+0153 (decimal 339)
   defining Unicode char U+0154 (decimal 340)
   defining Unicode char U+0155 (decimal 341)
   defining Unicode char U+0158 (decimal 344)
   defining Unicode char U+0159 (decimal 345)
   defining Unicode char U+015A (decimal 346)
   defining Unicode char U+015B (decimal 347)
   defining Unicode char U+015E (decimal 350)
   defining Unicode char U+015F (decimal 351)
   defining Unicode char U+0160 (decimal 352)
   defining Unicode char U+0161 (decimal 353)
   defining Unicode char U+0162 (decimal 354)
   defining Unicode char U+0163 (decimal 355)
   defining Unicode char U+0164 (decimal 356)
   defining Unicode char U+0165 (decimal 357)
   defining Unicode char U+016E (decimal 366)
   defining Unicode char U+016F (decimal 367)
   defining Unicode char U+0170 (decimal 368)
   defining Unicode char U+0171 (decimal 369)
   defining Unicode char U+0178 (decimal 376)
   defining Unicode char U+0179 (decimal 377)
   defining Unicode char U+017A (decimal 378)
   defining Unicode char U+017B (decimal 379)
   defining Unicode char U+017C (decimal 380)
   defining Unicode char U+017D (decimal 381)
   defining Unicode char U+017E (decimal 382)
   defining Unicode char U+200C (decimal 8204)
   defining Unicode char U+2013 (decimal 8211)
   defining Unicode char U+2014 (decimal 8212)
   defining Unicode char U+2018 (decimal 8216)
   defining Unicode char U+2019 (decimal 8217)
   defining Unicode char U+201A (decimal 8218)
   defining Unicode char U+201C (decimal 8220)
   defining Unicode char U+201D (decimal 8221)
   defining Unicode char U+201E (decimal 8222)
   defining Unicode char U+2030 (decimal 8240)
   defining Unicode char U+2031 (decimal 8241)
   defining Unicode char U+2039 (decimal 8249)
   defining Unicode char U+203A (decimal 8250)
   defining Unicode char U+2423 (decimal 9251)
)
Now handling font encoding OT1 ...
... processing UTF-8 mapping file for font encoding OT1

(/usr/local/texlive/2014/texmf-dist/tex/latex/base/ot1enc.dfu
File: ot1enc.dfu 2008/04/05 v1.1m UTF-8 support for inputenc
   defining Unicode char U+00A1 (decimal 161)
   defining Unicode char U+00A3 (decimal 163)
   defining Unicode char U+00B8 (decimal 184)
   defining Unicode char U+00BF (decimal 191)
   defining Unicode char U+00C5 (decimal 197)
   defining Unicode char U+00C6 (decimal 198)
   defining Unicode char U+00D8 (decimal 216)
   defining Unicode char U+00DF (decimal 223)
   defining Unicode char U+00E6 (decimal 230)
   defining Unicode char U+00EC (decimal 236)
   defining Unicode char U+00ED (decimal 237)
   defining Unicode char U+00EE (decimal 238)
   defining Unicode char U+00EF (decimal 239)
   defining Unicode char U+00F8 (decimal 248)
   defining Unicode char U+0131 (decimal 305)
   defining Unicode char U+0141 (decimal 321)
   defining Unicode char U+0142 (decimal 322)
   defining Unicode char U+0152 (decimal 338)
   defining Unicode char U+0153 (decimal 339)
   defining Unicode char U+2013 (decimal 8211)
   defining Unicode char U+2014 (decimal 8212)
   defining Unicode char U+2018 (decimal 8216)
   defining Unicode char U+2019 (decimal 8217)
   defining Unicode char U+201C (decimal 8220)
   defining Unicode char U+201D (decimal 8221)
)
Now handling font encoding OMS ...
... processing UTF-8 mapping file for font encoding OMS

(/usr/local/texlive/2014/texmf-dist/tex/latex/base/omsenc.dfu
File: omsenc.dfu 2008/04/05 v1.1m UTF-8 support for inputenc
   defining Unicode char U+00A7 (decimal 167)
   defining Unicode char U+00B6 (decimal 182)
   defining Unicode char U+00B7 (decimal 183)
   defining Unicode char U+2020 (decimal 8224)
   defining Unicode char U+2021 (decimal 8225)
   defining Unicode char U+2022 (decimal 8226)
)
Now handling font encoding OMX ...
... no UTF-8 mapping file for font encoding OMX
Now handling font encoding U ...
... no UTF-8 mapping file for font encoding U
Now handling font encoding FML ...
... no UTF-8 mapping file for font encoding FML
Now handling font encoding FMS ...
... no UTF-8 mapping file for font encoding FMS
Now handling font encoding FMX ...
... no UTF-8 mapping file for font encoding FMX
Now handling font encoding TS1 ...
... processing UTF-8 mapping file for font encoding TS1

(/usr/local/texlive/2014/texmf-dist/tex/latex/base/ts1enc.dfu
File: ts1enc.dfu 2008/04/05 v1.1m UTF-8 support for inputenc
   defining Unicode char U+00A2 (decimal 162)
   defining Unicode char U+00A3 (decimal 163)
   defining Unicode char U+00A4 (decimal 164)
   defining Unicode char U+00A5 (decimal 165)
   defining Unicode char U+00A6 (decimal 166)
   defining Unicode char U+00A7 (decimal 167)
   defining Unicode char U+00A8 (decimal 168)
   defining Unicode char U+00A9 (decimal 169)
   defining Unicode char U+00AA (decimal 170)
   defining Unicode char U+00AC (decimal 172)
   defining Unicode char U+00AE (decimal 174)
   defining Unicode char U+00AF (decimal 175)
   defining Unicode char U+00B0 (decimal 176)
   defining Unicode char U+00B1 (decimal 177)
   defining Unicode char U+00B2 (decimal 178)
   defining Unicode char U+00B3 (decimal 179)
   defining Unicode char U+00B4 (decimal 180)
   defining Unicode char U+00B5 (decimal 181)
   defining Unicode char U+00B6 (decimal 182)
   defining Unicode char U+00B7 (decimal 183)
   defining Unicode char U+00B9 (decimal 185)
   defining Unicode char U+00BA (decimal 186)
   defining Unicode char U+00BC (decimal 188)
   defining Unicode char U+00BD (decimal 189)
   defining Unicode char U+00BE (decimal 190)
   defining Unicode char U+00D7 (decimal 215)
   defining Unicode char U+00F7 (decimal 247)
   defining Unicode char U+0192 (decimal 402)
   defining Unicode char U+02C7 (decimal 711)
   defining Unicode char U+02D8 (decimal 728)
   defining Unicode char U+02DD (decimal 733)
   defining Unicode char U+0E3F (decimal 3647)
   defining Unicode char U+2016 (decimal 8214)
   defining Unicode char U+2020 (decimal 8224)
   defining Unicode char U+2021 (decimal 8225)
   defining Unicode char U+2022 (decimal 8226)
   defining Unicode char U+2030 (decimal 8240)
   defining Unicode char U+2031 (decimal 8241)
   defining Unicode char U+203B (decimal 8251)
   defining Unicode char U+203D (decimal 8253)
   defining Unicode char U+2044 (decimal 8260)
   defining Unicode char U+204E (decimal 8270)
   defining Unicode char U+2052 (decimal 8274)
   defining Unicode char U+20A1 (decimal 8353)
   defining Unicode char U+20A4 (decimal 8356)
   defining Unicode char U+20A6 (decimal 8358)
   defining Unicode char U+20A9 (decimal 8361)
   defining Unicode char U+20AB (decimal 8363)
   defining Unicode char U+20AC (decimal 8364)
   defining Unicode char U+20B1 (decimal 8369)
   defining Unicode char U+2103 (decimal 8451)
   defining Unicode char U+2116 (decimal 8470)
   defining Unicode char U+2117 (decimal 8471)
   defining Unicode char U+211E (decimal 8478)
   defining Unicode char U+2120 (decimal 8480)
   defining Unicode char U+2122 (decimal 8482)
   defining Unicode char U+2126 (decimal 8486)
   defining Unicode char U+2127 (decimal 8487)
   defining Unicode char U+212E (decimal 8494)
   defining Unicode char U+2190 (decimal 8592)
   defining Unicode char U+2191 (decimal 8593)
   defining Unicode char U+2192 (decimal 8594)
   defining Unicode char U+2193 (decimal 8595)
   defining Unicode char U+2329 (decimal 9001)
   defining Unicode char U+232A (decimal 9002)
   defining Unicode char U+2422 (decimal 9250)
   defining Unicode char U+25E6 (decimal 9702)
   defining Unicode char U+25EF (decimal 9711)
   defining Unicode char U+266A (decimal 9834)
)
   defining Unicode char U+00A9 (decimal 169)
   defining Unicode char U+00AA (decimal 170)
   defining Unicode char U+00AE (decimal 174)
   defining Unicode char U+00BA (decimal 186)
   defining Unicode char U+02C6 (decimal 710)
   defining Unicode char U+02DC (decimal 732)
   defining Unicode char U+200C (decimal 8204)
   defining Unicode char U+2026 (decimal 8230)
   defining Unicode char U+2122 (decimal 8482)
   defining Unicode char U+2423 (decimal 9251)
))
(/usr/local/texlive/2014/texmf-dist/tex/latex/listings/listings.sty
\lst@mode=\count102
\lst@gtempboxa=\box29
\lst@token=\toks28
\lst@length=\count103
\lst@currlwidth=\dimen115
\lst@column=\count104
\lst@pos=\count105
\lst@lostspace=\dimen116
\lst@width=\dimen117
\lst@newlines=\count106
\lst@lineno=\count107
\lst@maxwidth=\dimen118

(/usr/local/texlive/2014/texmf-dist/tex/latex/listings/lstmisc.sty
File: lstmisc.sty 2014/03/04 1.5c (Carsten Heinz)
\c@lstnumber=\count108
\lst@skipnumbers=\count109
\lst@framebox=\box30
)
(/usr/local/texlive/2014/texmf-dist/tex/latex/listings/listings.cfg
File: listings.cfg 2014/03/04 1.5c listings configuration
))
Package: listings 2014/03/04 1.5c (Carsten Heinz)

(/usr/local/texlive/2014/texmf-dist/tex/latex/placeins/placeins.sty
Package: placeins 2005/04/18  v 2.2
)
(/usr/local/texlive/2014/texmf-dist/tex/latex/lipsum/lipsum.sty
Package: lipsum 2011/04/14 v1.2 150 paragraphs of Lorem Ipsum dummy text
\c@lips@count=\count110
)
(/usr/local/texlive/2014/texmf-dist/tex/latex/float/float.sty
Package: float 2001/11/08 v1.3d Float enhancements (AL)
\c@float@type=\count111
\float@exts=\toks29
\float@box=\box31
\@float@everytoks=\toks30
\@floatcapt=\box32
)
(/usr/local/texlive/2014/texmf-dist/tex/latex/tools/multicol.sty
Package: multicol 2014/04/23 v1.8e multicolumn formatting (FMi)
\c@tracingmulticols=\count112
\mult@box=\box33
\multicol@leftmargin=\dimen119
\c@unbalance=\count113
\c@collectmore=\count114
\doublecol@number=\count115
\multicoltolerance=\count116
\multicolpretolerance=\count117
\full@width=\dimen120
\page@free=\dimen121
\premulticols=\dimen122
\postmulticols=\dimen123
\multicolsep=\skip54
\multicolbaselineskip=\skip55
\partial@page=\box34
\last@line=\box35
\maxbalancingoverflow=\dimen124
\mult@rightbox=\box36
\mult@grightbox=\box37
\mult@gfirstbox=\box38
\mult@firstbox=\box39
\@tempa=\box40
\@tempa=\box41
\@tempa=\box42
\@tempa=\box43
\@tempa=\box44
\@tempa=\box45
\@tempa=\box46
\@tempa=\box47
\@tempa=\box48
\@tempa=\box49
\@tempa=\box50
\@tempa=\box51
\@tempa=\box52
\@tempa=\box53
\@tempa=\box54
\@tempa=\box55
\@tempa=\box56
\c@columnbadness=\count118
\c@finalcolumnbadness=\count119
\last@try=\dimen125
\multicolovershoot=\dimen126
\multicolundershoot=\dimen127
\mult@nat@firstbox=\box57
\colbreak@box=\box58
\mc@col@check@num=\count120
)
(/usr/local/texlive/2014/texmf-dist/tex/latex/sectsty/sectsty.sty
Package: sectsty 2002/02/25 v2.0.2 Commands to change all sectional heading sty
les
)

Class scrartcl Warning: Usage of package `fancyhdr' together
(scrartcl)              with a KOMA-Script class is not recommended.
(scrartcl)              I'd suggest to use 
(scrartcl)              package `scrpage2' or `scrlayer-scrpage'.
(scrartcl)              Nevertheless, using requested
(scrartcl)              package `fancyhdr' on input line 39.

(/usr/local/texlive/2014/texmf-dist/tex/latex/fancyhdr/fancyhdr.sty
\fancy@headwidth=\skip56
\f@ncyO@elh=\skip57
\f@ncyO@erh=\skip58
\f@ncyO@olh=\skip59
\f@ncyO@orh=\skip60
\f@ncyO@elf=\skip61
\f@ncyO@erf=\skip62
\f@ncyO@olf=\skip63
\f@ncyO@orf=\skip64
)
(./zusammenfassung_cv.aux)
\openout1 = `zusammenfassung_cv.aux'.

LaTeX Font Info:    Checking defaults for OML/cmm/m/it on input line 72.
LaTeX Font Info:    ... okay on input line 72.
LaTeX Font Info:    Checking defaults for T1/cmr/m/n on input line 72.
LaTeX Font Info:    ... okay on input line 72.
LaTeX Font Info:    Checking defaults for OT1/cmr/m/n on input line 72.
LaTeX Font Info:    ... okay on input line 72.
LaTeX Font Info:    Checking defaults for OMS/cmsy/m/n on input line 72.
LaTeX Font Info:    ... okay on input line 72.
LaTeX Font Info:    Checking defaults for OMX/cmex/m/n on input line 72.
LaTeX Font Info:    ... okay on input line 72.
LaTeX Font Info:    Checking defaults for U/cmr/m/n on input line 72.
LaTeX Font Info:    ... okay on input line 72.
LaTeX Font Info:    Checking defaults for FML/futm/m/it on input line 72.
LaTeX Font Info:    Try loading font information for FML+futm on input line 72.


(/usr/local/texlive/2014/texmf-dist/tex/latex/fourier/fmlfutm.fd
File: fmlfutm.fd 2004/10/30 Fontinst v1.926 font definitions for FML/futm.
)
LaTeX Font Info:    ... okay on input line 72.
LaTeX Font Info:    Checking defaults for FMS/futm/m/n on input line 72.
LaTeX Font Info:    Try loading font information for FMS+futm on input line 72.


(/usr/local/texlive/2014/texmf-dist/tex/latex/fourier/fmsfutm.fd
File: fmsfutm.fd 2004/10/30 Fontinst v1.926 font definitions for FMS/futm.
)
LaTeX Font Info:    ... okay on input line 72.
LaTeX Font Info:    Checking defaults for FMX/futm/m/n on input line 72.
LaTeX Font Info:    Try loading font information for FMX+futm on input line 72.


(/usr/local/texlive/2014/texmf-dist/tex/latex/fourier/fmxfutm.fd
File: fmxfutm.fd futm-extension
)
LaTeX Font Info:    ... okay on input line 72.
LaTeX Font Info:    Checking defaults for TS1/cmr/m/n on input line 72.
LaTeX Font Info:    Try loading font information for TS1+cmr on input line 72.

(/usr/local/texlive/2014/texmf-dist/tex/latex/base/ts1cmr.fd
File: ts1cmr.fd 1999/05/25 v2.5h Standard LaTeX font definitions
)
LaTeX Font Info:    ... okay on input line 72.
LaTeX Font Info:    Try loading font information for T1+futs on input line 72.

(/usr/local/texlive/2014/texmf-dist/tex/latex/fourier/t1futs.fd
File: t1futs.fd 2004/03/02 Fontinst v1.926 font definitions for T1/futs.
)
(/usr/local/texlive/2014/texmf-dist/tex/context/base/supp-pdf.mkii
[Loading MPS to PDF converter (version 2006.09.02).]
\scratchcounter=\count121
\scratchdimen=\dimen128
\scratchbox=\box59
\nofMPsegments=\count122
\nofMParguments=\count123
\everyMPshowfont=\toks31
\MPscratchCnt=\count124
\MPscratchDim=\dimen129
\MPnumerator=\count125
\makeMPintoPDFobject=\count126
\everyMPtoPDFconversion=\toks32
) (/usr/local/texlive/2014/texmf-dist/tex/generic/oberdiek/pdftexcmds.sty
Package: pdftexcmds 2011/11/29 v0.20 Utility functions of pdfTeX for LuaTeX (HO
)

(/usr/local/texlive/2014/texmf-dist/tex/generic/oberdiek/ifluatex.sty
Package: ifluatex 2010/03/01 v1.3 Provides the ifluatex switch (HO)
Package ifluatex Info: LuaTeX not detected.
)
(/usr/local/texlive/2014/texmf-dist/tex/generic/oberdiek/ifpdf.sty
Package: ifpdf 2011/01/30 v2.3 Provides the ifpdf switch (HO)
Package ifpdf Info: pdfTeX in PDF mode is detected.
)
Package pdftexcmds Info: LuaTeX not detected.
Package pdftexcmds Info: \pdf@primitive is available.
Package pdftexcmds Info: \pdf@ifprimitive is available.
Package pdftexcmds Info: \pdfdraftmode found.
)
(/usr/local/texlive/2014/texmf-dist/tex/latex/oberdiek/epstopdf-base.sty
Package: epstopdf-base 2010/02/09 v2.5 Base part for package epstopdf

(/usr/local/texlive/2014/texmf-dist/tex/latex/oberdiek/grfext.sty
Package: grfext 2010/08/19 v1.1 Manage graphics extensions (HO)

(/usr/local/texlive/2014/texmf-dist/tex/generic/oberdiek/kvdefinekeys.sty
Package: kvdefinekeys 2011/04/07 v1.3 Define keys (HO)
))
(/usr/local/texlive/2014/texmf-dist/tex/latex/oberdiek/kvoptions.sty
Package: kvoptions 2011/06/30 v3.11 Key value format for package options (HO)

(/usr/local/texlive/2014/texmf-dist/tex/generic/oberdiek/kvsetkeys.sty
Package: kvsetkeys 2012/04/25 v1.16 Key value parser (HO)

(/usr/local/texlive/2014/texmf-dist/tex/generic/oberdiek/etexcmds.sty
Package: etexcmds 2011/02/16 v1.5 Avoid name clashes with e-TeX commands (HO)
Package etexcmds Info: Could not find \expanded.
(etexcmds)             That can mean that you are not using pdfTeX 1.50 or
(etexcmds)             that some package has redefined \expanded.
(etexcmds)             In the latter case, load this package earlier.
)))
Package grfext Info: Graphics extension search list:
(grfext)             [.png,.pdf,.jpg,.mps,.jpeg,.jbig2,.jb2,.PNG,.PDF,.JPG,.JPE
G,.JBIG2,.JB2,.eps]
(grfext)             \AppendGraphicsExtensions on input line 452.

(/usr/local/texlive/2014/texmf-dist/tex/latex/latexconfig/epstopdf-sys.cfg
File: epstopdf-sys.cfg 2010/07/13 v1.3 Configuration of (r)epstopdf for TeX Liv
e
))
\c@lstlisting=\count127
LaTeX Font Info:    Try loading font information for T1+cmss on input line 75.

(/usr/local/texlive/2014/texmf-dist/tex/latex/base/t1cmss.fd
File: t1cmss.fd 1999/05/25 v2.5h Standard LaTeX font definitions
)
LaTeX Font Info:    Try loading font information for FML+futmi on input line 75
.

(/usr/local/texlive/2014/texmf-dist/tex/latex/fourier/fmlfutmi.fd
File: fmlfutmi.fd 2004/10/30 Fontinst v1.926 font definitions for FML/futmi.
)
LaTeX Font Info:    Font shape `FMX/futm/m/n' will be
(Font)              scaled to size 13.24796pt on input line 75.
LaTeX Font Info:    Font shape `FMX/futm/m/n' will be
(Font)              scaled to size 9.19998pt on input line 75.
LaTeX Font Info:    Font shape `FMX/futm/m/n' will be
(Font)              scaled to size 7.35999pt on input line 75.
LaTeX Font Info:    Font shape `U/futm/m/n' will be
(Font)              scaled to size 13.24796pt on input line 75.
LaTeX Font Info:    Font shape `U/futm/m/n' will be
(Font)              scaled to size 9.19998pt on input line 75.
LaTeX Font Info:    Font shape `U/futm/m/n' will be
(Font)              scaled to size 7.35999pt on input line 75.
LaTeX Font Info:    Try loading font information for U+msa on input line 75.

(/usr/local/texlive/2014/texmf-dist/tex/latex/amsfonts/umsa.fd
File: umsa.fd 2013/01/14 v3.01 AMS symbols A
)
LaTeX Font Info:    Try loading font information for U+msb on input line 75.

(/usr/local/texlive/2014/texmf-dist/tex/latex/amsfonts/umsb.fd
File: umsb.fd 2013/01/14 v3.01 AMS symbols B
)
<Klassifizierung.png, id=1, 693.59125pt x 365.365pt>
File: Klassifizierung.png Graphic file (type png)
 <use Klassifizierung.png>
Package pdftex.def Info: Klassifizierung.png used on input line 84.
(pdftex.def)             Requested size: 418.25555pt x 220.33011pt.
LaTeX Font Info:    Try loading font information for TS1+futs on input line 90.


(/usr/local/texlive/2014/texmf-dist/tex/latex/fourier/ts1futs.fd
File: ts1futs.fd 2004/03/26 Fontinst v1.926 font definitions for TS1/futs.
)
LaTeX Font Info:    Font shape `FMX/futm/m/n' will be
(Font)              scaled to size 10.07397pt on input line 91.
LaTeX Font Info:    Font shape `FMX/futm/m/n' will be
(Font)              scaled to size 7.63599pt on input line 91.
LaTeX Font Info:    Font shape `FMX/futm/m/n' will be
(Font)              scaled to size 5.51999pt on input line 91.
LaTeX Font Info:    Font shape `U/futm/m/n' will be
(Font)              scaled to size 10.07397pt on input line 91.
LaTeX Font Info:    Font shape `U/futm/m/n' will be
(Font)              scaled to size 7.63599pt on input line 91.
LaTeX Font Info:    Font shape `U/futm/m/n' will be
(Font)              scaled to size 5.51999pt on input line 91.

Underfull \hbox (badness 10000) in paragraph at lines 91--92
[]\T1/futs/m/n/10.95 Featurevektoren $\FML/futmi/m/it/10.95 x[]$ \T1/futs/m/n/1
0.95 bis $\FML/futmi/m/it/10.95 x[]$ \T1/futs/m/n/10.95 mit
 []

</Users/Manu/Desktop/bayes.png, id=3, 686.565pt x 516.93124pt>
File: /Users/Manu/Desktop/bayes.png Graphic file (type png)

<use /Users/Manu/Desktop/bayes.png>
Package pdftex.def Info: /Users/Manu/Desktop/bayes.png used on input line 98.
(pdftex.def)             Requested size: 209.12778pt x 157.45477pt.
 [1




{/usr/local/texlive/2014/texmf-var/fonts/map/pdftex/updmap/pdftex.map} <./Klass
ifizierung.png>]
Underfull \hbox (badness 10000) in paragraph at lines 106--107
[]\T1/futs/m/n/10.95 Annahme $\FML/futmi/m/it/10.95 p\T1/futs/m/n/10.95 (\FML/f
utmi/m/it/10.95 x\FMS/futm/m/n/10.95 j\FML/futmi/m/it/10.95 ![]\T1/futs/m/n/10.
95 ) \FMS/futm/m/n/10.95 ^^Y \FML/futmi/m/it/10.95 N\T1/futs/m/n/10.95 (\FML/fu
tmi/m/it/10.95 ^^V; \FML/futm/m/it/10.95 ^^F\T1/futs/m/n/10.95 ) \FMS/futm/m/n/
10.95 Å
 []

</Users/Manu/Desktop/gauss.png, id=11, 586.19pt x 458.71375pt>
File: /Users/Manu/Desktop/gauss.png Graphic file (type png)

<use /Users/Manu/Desktop/gauss.png>
Package pdftex.def Info: /Users/Manu/Desktop/gauss.png used on input line 112.
(pdftex.def)             Requested size: 167.29967pt x 130.91676pt.

</Users/Manu/Desktop/gmm.png, id=12, 567.11874pt x 447.6725pt>
File: /Users/Manu/Desktop/gmm.png Graphic file (type png)

<use /Users/Manu/Desktop/gmm.png>
Package pdftex.def Info: /Users/Manu/Desktop/gmm.png used on input line 127.
(pdftex.def)             Requested size: 167.29967pt x 132.06224pt.
 [2 </Users/Manu/Desktop/bayes.png> </Users/Manu/Desktop/gauss.png> </Users/Man
u/Desktop/gmm.png>]
LaTeX Font Info:    Font shape `T1/futs/bx/n' in size <10.95> not available
(Font)              Font shape `T1/futs/b/n' tried instead on input line 137.

</Users/Manu/Desktop/perz.png, id=24, 486.81876pt x 377.41pt>
File: /Users/Manu/Desktop/perz.png Graphic file (type png)

<use /Users/Manu/Desktop/perz.png>
Package pdftex.def Info: /Users/Manu/Desktop/perz.png used on input line 199.
(pdftex.def)             Requested size: 167.29967pt x 129.69981pt.
 [3]
Underfull \hbox (badness 2582) in paragraph at lines 207--208
[]\T1/futs/m/n/10.95 Hyperebene ma-xi-miert den Ab-stand zwi-
 []


Underfull \hbox (badness 2326) in paragraph at lines 209--210
[]\T1/futs/m/n/10.95 nicht se-pa-rier-bar $\FMS/futm/m/n/10.95 !$ \T1/futs/m/n/
10.95 Di-men-si-on er-hˆ-hen,
 []

</Users/Manu/Desktop/svm.png, id=29, 367.3725pt x 384.43625pt>
File: /Users/Manu/Desktop/svm.png Graphic file (type png)

<use /Users/Manu/Desktop/svm.png>
Package pdftex.def Info: /Users/Manu/Desktop/svm.png used on input line 214.
(pdftex.def)             Requested size: 146.39198pt x 153.19102pt.

Underfull \hbox (badness 2050) in paragraph at lines 222--223
[]\T1/futs/m/n/10.95 Betrachte k n‰chs-te Trai-ning-samp-les und
 []


Underfull \hbox (badness 1406) in paragraph at lines 227--228
[]\T1/futs/m/n/10.95 Distanz wird f¸r je-den Test-da-ten-satz
 []


Underfull \hbox (badness 5203) in paragraph at lines 233--234
[]\T1/futs/m/n/10.95 Wird ab-h‰n-gig von Pro-blem-stel-lung
 []

</Users/Manu/Desktop/knn.png, id=30, 299.1175pt x 232.87pt>
File: /Users/Manu/Desktop/knn.png Graphic file (type png)

<use /Users/Manu/Desktop/knn.png>
Package pdftex.def Info: /Users/Manu/Desktop/knn.png used on input line 239.
(pdftex.def)             Requested size: 167.29967pt x 130.2464pt.

</Users/Manu/Desktop/cluster.png, id=31, 534.99875pt x 244.915pt>
File: /Users/Manu/Desktop/cluster.png Graphic file (type png)

<use /Users/Manu/Desktop/cluster.png>
Package pdftex.def Info: /Users/Manu/Desktop/cluster.png used on input line 253
.
(pdftex.def)             Requested size: 188.21371pt x 86.1625pt.
 [4 </Users/Manu/Desktop/perz.png> </Users/Manu/Desktop/svm.png> </Users/Manu/D
esktop/knn.png>]
Underfull \hbox (badness 10000) in paragraph at lines 280--281
[]\T1/futs/m/n/10.95 Verschiedene Di-stanz-ma-ˇe mˆg-lich
 []


Underfull \hbox (badness 10000) in paragraph at lines 281--282
[]\T1/futs/m/n/10.95 Ergebnis ist Baum-struk-tur (Den-dro-
 []

</Users/Manu/Desktop/ahc.png, id=38, 580.1675pt x 301.125pt>
File: /Users/Manu/Desktop/ahc.png Graphic file (type png)

<use /Users/Manu/Desktop/ahc.png>
Package pdftex.def Info: /Users/Manu/Desktop/ahc.png used on input line 286.
(pdftex.def)             Requested size: 188.21371pt x 97.68985pt.

</Users/Manu/Desktop/pca.png, id=39, 329.23pt x 303.1325pt>
File: /Users/Manu/Desktop/pca.png Graphic file (type png)

<use /Users/Manu/Desktop/pca.png>
Package pdftex.def Info: /Users/Manu/Desktop/pca.png used on input line 312.
(pdftex.def)             Requested size: 146.39198pt x 134.78946pt.
 [5 </Users/Manu/Desktop/cluster.png> </Users/Manu/Desktop/ahc.png>]
</Users/Manu/Desktop/lda.png, id=45, 419.5675pt x 400.49625pt>
File: /Users/Manu/Desktop/lda.png Graphic file (type png)

<use /Users/Manu/Desktop/lda.png>
Package pdftex.def Info: /Users/Manu/Desktop/lda.png used on input line 325.
(pdftex.def)             Requested size: 146.39198pt x 139.73578pt.
 [6 </Users/Manu/Desktop/pca.png> </Users/Manu/Desktop/lda.png>]
Underfull \hbox (badness 10000) in paragraph at lines 384--385
[]\T1/futs/m/n/10.95 gen¸gt f¸r Klas-si-fi-zie-rung von
 []


Underfull \hbox (badness 10000) in paragraph at lines 392--393
[]\T1/futs/m/n/10.95 Vergleicht Farb-histro-gramm des
 []


Overfull \hbox (20.47153pt too wide) in paragraph at lines 403--404
[]\T1/futs/m/n/10.95 Gauss-Funktion $\FML/futmi/m/it/10.95 G\T1/futs/m/n/10.95 
(\FML/futmi/m/it/10.95 x; ^^V; C\T1/futs/m/n/10.95 )$: $\FML/futmi/m/it/10.95 p
\T1/futs/m/n/10.95 (\FML/futmi/m/it/10.95 x\FMS/futm/m/n/10.95 j\FML/futmi/m/it
/10.95 skin\T1/futs/m/n/10.95 ) \FMS/futm/m/n/10.95 Å \FML/futmi/m/it/10.95 G\T
1/futs/m/n/10.95 (\FML/futmi/m/it/10.95 x\T1/futs/m/n/10.95 ; \FML/futmi/m/it/1
0.95 ^^V; C\T1/futs/m/n/10.95 ) \FMS/futm/m/n/10.95 Å \T1/futs/m/n/10.95 (2\FML
/futmi/m/it/10.95 ^^Y\T1/futs/m/n/10.95 )[]\FMS/futm/m/n/10.95 j\FML/futmi/m/it
/10.95 C\FMS/futm/m/n/10.95 j[]\FML/futmi/m/it/10.95 exp\FMS/futm/m/n/10.95 f^^
@\T1/futs/m/n/10.95 1/2(\FML/futmi/m/it/10.95 x \FMS/futm/m/n/10.95 ^^@ \FML/fu
tmi/m/it/10.95 ^^V\T1/futs/m/n/10.95 )[]\FML/futmi/m/it/10.95 C[]\T1/futs/m/n/1
0.95 (\FML/futmi/m/it/10.95 x \FMS/futm/m/n/10.95 ^^@
 []

[7] </Users/Manu/Desktop/roc.png, id=55, 387.4475pt x 275.0275pt>
File: /Users/Manu/Desktop/roc.png Graphic file (type png)

<use /Users/Manu/Desktop/roc.png>
Package pdftex.def Info: /Users/Manu/Desktop/roc.png used on input line 447.
(pdftex.def)             Requested size: 146.39198pt x 103.91562pt.

Overfull \hbox (8.1865pt too wide) in paragraph at lines 436--450
[]$  $[]$ 
 []

[8] </Users/Manu/Desktop/ero.png, id=59, 368.37625pt x 150.5625pt>
File: /Users/Manu/Desktop/ero.png Graphic file (type png)

<use /Users/Manu/Desktop/ero.png>
Package pdftex.def Info: /Users/Manu/Desktop/ero.png used on input line 466.
(pdftex.def)             Requested size: 188.21371pt x 76.92598pt.

Overfull \hbox (8.18013pt too wide) in paragraph at lines 457--469
[]$  $[]$ 
 []

</Users/Manu/Desktop/dil.png, id=60, 382.42876pt x 152.57pt>
File: /Users/Manu/Desktop/dil.png Graphic file (type png)

<use /Users/Manu/Desktop/dil.png>
Package pdftex.def Info: /Users/Manu/Desktop/dil.png used on input line 478.
(pdftex.def)             Requested size: 188.21371pt x 75.0882pt.

</Users/Manu/Desktop/ope.png, id=61, 187.70125pt x 286.06876pt>
File: /Users/Manu/Desktop/ope.png Graphic file (type png)

<use /Users/Manu/Desktop/ope.png>
Package pdftex.def Info: /Users/Manu/Desktop/ope.png used on input line 495.
(pdftex.def)             Requested size: 83.64983pt x 127.49007pt.

</Users/Manu/Desktop/clo.png, id=62, 194.7275pt x 295.1025pt>
File: /Users/Manu/Desktop/clo.png Graphic file (type png)

<use /Users/Manu/Desktop/clo.png>
Package pdftex.def Info: /Users/Manu/Desktop/clo.png used on input line 500.
(pdftex.def)             Requested size: 83.64983pt x 126.7655pt.

Overfull \hbox (8.18013pt too wide) in paragraph at lines 469--503
[]$  $[]$
 []

[9 </Users/Manu/Desktop/roc.png> </Users/Manu/Desktop/ero.png> </Users/Manu/Des
ktop/dil.png> </Users/Manu/Desktop/ope.png> </Users/Manu/Desktop/clo.png>]
Underfull \hbox (badness 1460) in paragraph at lines 528--529
[]\T1/futs/m/n/10.95 erweitert den Be-reich der Grau-stu-fen
 []

</Users/Manu/Desktop/hiseq.png, id=71, 737.75626pt x 478.78876pt>
File: /Users/Manu/Desktop/hiseq.png Graphic file (type png)

<use /Users/Manu/Desktop/hiseq.png>
Package pdftex.def Info: /Users/Manu/Desktop/hiseq.png used on input line 534.
(pdftex.def)             Requested size: 188.21371pt x 122.1443pt.

Overfull \hbox (8.18013pt too wide) in paragraph at lines 524--537
$[]$  $[]$ 
 []

[10 </Users/Manu/Desktop/hiseq.png>]
Underfull \hbox (badness 4927) in paragraph at lines 559--560
[]\T1/futs/m/n/10.95 kombiniert meh-re-re schwa-che Klas-si-fi-ka-to-ren
 []


Underfull \hbox (badness 1132) in paragraph at lines 560--561
[]\T1/futs/m/n/10.95 schwacher Klas-si-fi-ka-tor $\FML/futmi/m/it/10.95 h$ \T1/
futs/m/n/10.95 mit Ge-nau-ig-keit ge-
 []


Underfull \hbox (badness 10000) in paragraph at lines 561--562
[]\T1/futs/m/n/10.95 kombiniere schwa-che Klas-si-fi-ka-to-ren $\FML/futmi/m/it
/10.95 h[] \FMS/futm/m/n/10.95 2
 []


Underfull \hbox (badness 6725) in paragraph at lines 561--562
\FMS/futm/m/n/10.95 f^^@\T1/futs/m/n/10.95 1\FML/futmi/m/it/10.95 ; \T1/futs/m/
n/10.95 1\FMS/futm/m/n/10.95 g$ \T1/futs/m/n/10.95 li-ne-ar zu ei-nem star-ken 
Klas-si-fi-ka-tor
 []


LaTeX Warning: Command \textless invalid in math mode on input line 566.

</Users/Manu/Desktop/ada.png, id=76, 385.44pt x 476.78125pt>
File: /Users/Manu/Desktop/ada.png Graphic file (type png)

<use /Users/Manu/Desktop/ada.png>
Package pdftex.def Info: /Users/Manu/Desktop/ada.png used on input line 576.
(pdftex.def)             Requested size: 146.39198pt x 181.08417pt.

Underfull \hbox (badness 6110) in paragraph at lines 588--589
[]\T1/futs/m/n/10.95 Fenster oh-ne Ge-sich-ter wer-den
 []

</Users/Manu/Desktop/cascade.png, id=77, 500.87125pt x 303.1325pt>
File: /Users/Manu/Desktop/cascade.png Graphic file (type png)

<use /Users/Manu/Desktop/cascade.png>
Package pdftex.def Info: /Users/Manu/Desktop/cascade.png used on input line 594
.
(pdftex.def)             Requested size: 188.21371pt x 113.9103pt.
 [11 </Users/Manu/Desktop/ada.png>]
</Users/Manu/Desktop/rot.png, id=82, 739.76375pt x 393.47pt>
File: /Users/Manu/Desktop/rot.png Graphic file (type png)

<use /Users/Manu/Desktop/rot.png>
Package pdftex.def Info: /Users/Manu/Desktop/rot.png used on input line 610.
(pdftex.def)             Requested size: 418.25555pt x 222.46706pt.
 [12 </Users/Manu/Desktop/cascade.png> </Users/Manu/Desktop/rot.png>]
</Users/Manu/Desktop/fea.png, id=88, 219.82124pt x 323.2075pt>
File: /Users/Manu/Desktop/fea.png Graphic file (type png)

<use /Users/Manu/Desktop/fea.png>
Package pdftex.def Info: /Users/Manu/Desktop/fea.png used on input line 661.
(pdftex.def)             Requested size: 125.47794pt x 184.49156pt.
 [13]
</Users/Manu/Desktop/app.png, id=93, 115.43124pt x 171.64125pt>
File: /Users/Manu/Desktop/app.png Graphic file (type png)

<use /Users/Manu/Desktop/app.png>
Package pdftex.def Info: /Users/Manu/Desktop/app.png used on input line 675.
(pdftex.def)             Requested size: 125.47794pt x 186.57976pt.

Underfull \hbox (badness 4168) in paragraph at lines 687--688
\T1/futs/m/n/10.95 den Ei-gen-fa-ces ge-nannt und span-nen den ^^Rface
 []

</Users/Manu/Desktop/eigen.png, id=94, 194.7275pt x 370.38374pt>
File: /Users/Manu/Desktop/eigen.png Graphic file (type png)

<use /Users/Manu/Desktop/eigen.png>
Package pdftex.def Info: /Users/Manu/Desktop/eigen.png used on input line 697.
(pdftex.def)             Requested size: 125.47794pt x 238.66678pt.
 [14 </Users/Manu/Desktop/fea.png> </Users/Manu/Desktop/app.png>]
Underfull \hbox (badness 2547) in paragraph at lines 714--715
\T1/futs/m/n/10.95 in-ner-halb von Klas-sen (Be-leuch-tung, Ge-sichts-aus-
 []

</Users/Manu/Desktop/fisher.png, id=100, 518.93875pt x 504.88625pt>
File: /Users/Manu/Desktop/fisher.png Graphic file (type png)

<use /Users/Manu/Desktop/fisher.png>
Package pdftex.def Info: /Users/Manu/Desktop/fisher.png used on input line 719.

(pdftex.def)             Requested size: 125.47794pt x 122.07652pt.
 [15 </Users/Manu/Desktop/eigen.png> </Users/Manu/Desktop/fisher.png>]
</Users/Manu/Desktop/2daam.png, id=106, 115.43124pt x 299.1175pt>
File: /Users/Manu/Desktop/2daam.png Graphic file (type png)

<use /Users/Manu/Desktop/2daam.png>
Package pdftex.def Info: /Users/Manu/Desktop/2daam.png used on input line 751.
(pdftex.def)             Requested size: 83.64983pt x 216.76106pt.

</Users/Manu/Desktop/3dmm.png, id=107, 526.96875pt x 363.3575pt>
File: /Users/Manu/Desktop/3dmm.png Graphic file (type png)

<use /Users/Manu/Desktop/3dmm.png>
Package pdftex.def Info: /Users/Manu/Desktop/3dmm.png used on input line 767.
(pdftex.def)             Requested size: 167.29967pt x 115.3564pt.

Underfull \hbox (badness 10000) in paragraph at lines 778--779
[]$\FML/futmi/m/it/10.95 g\T1/futs/m/n/10.95 (\FML/futmi/m/it/10.95 x; y; ^^U; 
^^R;  ; ^^[; ^^M\T1/futs/m/n/10.95 ) \FMS/futm/m/n/10.95 Å
 []

</Users/Manu/Desktop/gabor.png, id=108, 422.57875pt x 239.89626pt>
File: /Users/Manu/Desktop/gabor.png Graphic file (type png)

<use /Users/Manu/Desktop/gabor.png>
Package pdftex.def Info: /Users/Manu/Desktop/gabor.png used on input line 790.
(pdftex.def)             Requested size: 167.29967pt x 94.97577pt.
 [16 </Users/Manu/Desktop/2daam.png> </Users/Manu/Desktop/3dmm.png>]
Underfull \hbox (badness 10000) in paragraph at lines 803--804
[]\T1/futs/m/n/10.95 Nutze Hi-sto-gramm f¸r Klas-si-fi-ka-ti-on (z.B.
 []

</Users/Manu/Desktop/lbp.png, id=114, 348.30125pt x 499.8675pt>
File: /Users/Manu/Desktop/lbp.png Graphic file (type png)

<use /Users/Manu/Desktop/lbp.png>
Package pdftex.def Info: /Users/Manu/Desktop/lbp.png used on input line 808.
(pdftex.def)             Requested size: 125.47794pt x 180.08182pt.
 [17 </Users/Manu/Desktop/gabor.png> </Users/Manu/Desktop/lbp.png>]
</Users/Manu/Desktop/fb.png, id=120, 639.38875pt x 178.6675pt>
File: /Users/Manu/Desktop/fb.png Graphic file (type png)

<use /Users/Manu/Desktop/fb.png>
Package pdftex.def Info: /Users/Manu/Desktop/fb.png used on input line 842.
(pdftex.def)             Requested size: 418.25555pt x 116.87675pt.

</Users/Manu/Desktop/go1.png, id=121, 557.08125pt x 96.36pt>
File: /Users/Manu/Desktop/go1.png Graphic file (type png)

<use /Users/Manu/Desktop/go1.png>
Package pdftex.def Info: /Users/Manu/Desktop/go1.png used on input line 852.
(pdftex.def)             Requested size: 418.25555pt x 72.34773pt.

Overfull \hbox (2.37912pt too wide) in paragraph at lines 851--853
[]\T1/futs/m/n/10.95 Ansatz: Con-vo-lu-tio-nal Neural Net-works op-ti-mie-ren E
in-bet-tung, Triplet-based loss func-
 []


Overfull \hbox (27.37506pt too wide) in paragraph at lines 851--853
[] 
 []

[18 </Users/Manu/Desktop/fb.png> </Users/Manu/Desktop/go1.png>]
Underfull \hbox (badness 10000) in paragraph at lines 887--888
[]\T1/futs/m/n/10.95 verschiedene Ex-pres-sio-
 []


Underfull \hbox (badness 10000) in paragraph at lines 888--889
[]\T1/futs/m/n/10.95 verschiedene Kopf-dre-
 []


Underfull \hbox (badness 10000) in paragraph at lines 889--890
[]\T1/futs/m/n/10.95 verschiedene Ska-lie-run-
 []


Overfull \hbox (1.71912pt too wide) in paragraph at lines 870--894
[]$[]$  $[]$ 
 []

[19]
Overfull \hbox (7.98994pt too wide) in paragraph at lines 917--918
[]\T1/futs/m/n/10.95 Geg. gro-be Start-po-si-ti-on, er-stel-le ei-ne In-stanz v
on $\FML/futmi/m/it/10.95 X$ \T1/futs/m/n/10.95 mit Sha-pe $\FML/futmi/m/it/10.
95 b$\T1/futs/m/n/10.95 , Trans-la-ti-on $\FML/futmi/m/it/10.95 T \FMS/futm/m/n
/10.95 Å \T1/futs/m/n/10.95 (\FML/futmi/m/it/10.95 X[]; Y[]\T1/futs/m/n/10.95 )
$,
 []

</Users/Manu/Desktop/assuche.png, id=132, 388.45125pt x 498.86375pt>
File: /Users/Manu/Desktop/assuche.png Graphic file (type png)

<use /Users/Manu/Desktop/assuche.png>
Package pdftex.def Info: /Users/Manu/Desktop/assuche.png used on input line 925
.
(pdftex.def)             Requested size: 250.95587pt x 322.29369pt.
 [20 </Users/Manu/Desktop/assuche.png>]
</Users/Manu/Desktop/aam.png, id=137, 902.37125pt x 547.04375pt>
File: /Users/Manu/Desktop/aam.png Graphic file (type png)

<use /Users/Manu/Desktop/aam.png>
Package pdftex.def Info: /Users/Manu/Desktop/aam.png used on input line 933.
(pdftex.def)             Requested size: 376.42744pt x 228.20422pt.

Overfull \hbox (1.47908pt too wide) in paragraph at lines 944--945
[]\T1/futs/m/n/10.95 Anschlieˇend ak-tua-li-sie-ren der Pa-ra-me-ter um die Mo-
dell-punk-te n‰-her an die neu-
 []


Overfull \hbox (8.8051pt too wide) in paragraph at lines 950--951
[]\T1/futs/m/n/10.95 sehr re-chen-auf-wen-dig, je-doch exis-tie-ren Ver-fah-ren
 zur Be-schleu-ni-gung (Multi-resolution
 []

[21 </Users/Manu/Desktop/aam.png>]
</Users/Manu/Desktop/crf.png, id=142, 808.01875pt x 502.87875pt>
File: /Users/Manu/Desktop/crf.png Graphic file (type png)

<use /Users/Manu/Desktop/crf.png>
Package pdftex.def Info: /Users/Manu/Desktop/crf.png used on input line 956.
(pdftex.def)             Requested size: 376.42744pt x 234.27357pt.

</Users/Manu/Desktop/reg.png, id=143, 404.51125pt x 357.335pt>
File: /Users/Manu/Desktop/reg.png Graphic file (type png)

<use /Users/Manu/Desktop/reg.png>
Package pdftex.def Info: /Users/Manu/Desktop/reg.png used on input line 969.
(pdftex.def)             Requested size: 125.47794pt x 110.84358pt.

</Users/Manu/Desktop/rrf.png, id=144, 583.17876pt x 265.99374pt>
File: /Users/Manu/Desktop/rrf.png Graphic file (type png)

<use /Users/Manu/Desktop/rrf.png>
Package pdftex.def Info: /Users/Manu/Desktop/rrf.png used on input line 983.
(pdftex.def)             Requested size: 167.29967pt x 76.30417pt.
 [22 </Users/Manu/Desktop/crf.png> </Users/Manu/Desktop/reg.png> </Users/Manu/D
esktop/rrf.png>]
</Users/Manu/Desktop/emo.png, id=151, 787.94376pt x 179.67125pt>
File: /Users/Manu/Desktop/emo.png Graphic file (type png)

<use /Users/Manu/Desktop/emo.png>
Package pdftex.def Info: /Users/Manu/Desktop/emo.png used on input line 1014.
(pdftex.def)             Requested size: 418.25555pt x 95.37334pt.

</Users/Manu/Desktop/feaab.png, id=152, 761.84625pt x 521.95pt>
File: /Users/Manu/Desktop/feaab.png Graphic file (type png)

<use /Users/Manu/Desktop/feaab.png>
Package pdftex.def Info: /Users/Manu/Desktop/feaab.png used on input line 1018.

(pdftex.def)             Requested size: 334.60571pt x 229.23659pt.
 [23 </Users/Manu/Desktop/emo.png>]
</Users/Manu/Desktop/actionunits.png, id=157, 795.97375pt x 273.02pt>
File: /Users/Manu/Desktop/actionunits.png Graphic file (type png)

<use /Users/Manu/Desktop/actionunits.png>
Package pdftex.def Info: /Users/Manu/Desktop/actionunits.png used on input line
 1026.
(pdftex.def)             Requested size: 418.25555pt x 143.46262pt.

Overfull \hbox (27.37506pt too wide) in paragraph at lines 1025--1027
[] 
 []


Overfull \hbox (15.47318pt too wide) in paragraph at lines 1029--1030
[]\T1/futs/m/n/10.95 Gesichtsausdr¸cke kˆn-nen zu-s‰tz-li-chen ana-ly-siert wer
-den um De-pres-sio-nen und Schmer-
 []

[24 </Users/Manu/Desktop/feaab.png> </Users/Manu/Desktop/actionunits.png>]
[25]
Overfull \hbox (6.53947pt too wide) in paragraph at lines 1080--1081
[]\T1/futs/m/n/10.95 Training: Sum-mie-re die Wahr-schein-lich-keit f¸r den Po-
sen-pa-ra-me-ter $\FML/futmi/m/it/10.95 ^^R$ \T1/futs/m/n/10.95 un-ter ei-nem P
atch
 []


Underfull \hbox (badness 5490) in paragraph at lines 1089--1090
[]\T1/futs/m/n/10.95 Getrackte Fea-tu-res kˆn-
 []


Underfull \hbox (badness 10000) in paragraph at lines 1089--1090
\T1/futs/m/n/10.95 nen auch f¸r an-de-re
 []


Underfull \hbox (badness 10000) in paragraph at lines 1089--1090
\T1/futs/m/n/10.95 An-wen-dungs-zwe-cke
 []


Underfull \hbox (badness 10000) in paragraph at lines 1089--1090
\T1/futs/m/n/10.95 ver-wen-det wer-den (z.B.
 []


Underfull \hbox (badness 4036) in paragraph at lines 1091--1092
[]\T1/futs/m/n/10.95 Occlusion be-hin-dert die
 []


Underfull \hbox (badness 6300) in paragraph at lines 1103--1104
[]\T1/futs/m/n/10.95 Beleuchtungs‰nderung sind Pro-blem $\FMS/futm/m/n/10.95 !$
 \T1/futs/m/n/10.95 Ste-
 []


Underfull \hbox (badness 10000) in paragraph at lines 1140--1141
[]\T1/futs/m/n/10.95 funktioniert auch wenn Ge-sich-ter nicht
 []

</Users/Manu/Desktop/det1.png, id=167, 337.26pt x 278.03876pt>
File: /Users/Manu/Desktop/det1.png Graphic file (type png)

<use /Users/Manu/Desktop/det1.png>
Package pdftex.def Info: /Users/Manu/Desktop/det1.png used on input line 1146.
(pdftex.def)             Requested size: 167.29967pt x 137.92445pt.
 [26]
Underfull \hbox (badness 10000) in paragraph at lines 1164--1165
[]\T1/futs/m/n/10.95 Haupts‰chlich Grau-wer-t-in-for-ma-
 []


Underfull \hbox (badness 10000) in paragraph at lines 1199--1200
[]\T1/futs/m/n/10.95 + funk-tio-niert mit Oc-clu-si-on /
 []

[27 </Users/Manu/Desktop/det1.png>]
Underfull \hbox (badness 1565) in paragraph at lines 1212--1213
[]\T1/futs/m/n/10.95 + In-ter-pre-ta-ti-on (wie-so re-jec-t/ac-
 []


Underfull \hbox (badness 2608) in paragraph at lines 1221--1222
[]\T1/futs/m/n/10.95 nur f¸r ge-ge-be-ne Da-ten (Per-son
 []

[28]
Underfull \hbox (badness 10000) in paragraph at lines 1248--1249
[]\T1/futs/m/n/10.95 Berechne Gra-di-en-ten von Bild-re-gio-nen
 []


Underfull \hbox (badness 10000) in paragraph at lines 1249--1250
[]\T1/futs/m/n/10.95 Berechne Ori-en-tie-rungs-histro-gramm der
 []


Underfull \hbox (badness 5288) in paragraph at lines 1250--1251
[]\T1/futs/m/n/10.95 Normalisiere Histro-gram-me mit ¸ber-lap-
 []


Underfull \hbox (badness 3138) in paragraph at lines 1251--1252
[]\T1/futs/m/n/10.95 Konkateniere blog de-s-crip-tors (7x15 (An-
 []


Underfull \hbox (badness 4686) in paragraph at lines 1251--1252
\T1/futs/m/n/10.95 zahl) x 4x9 (Grˆ-ˇe)) er-gibt einen 3780-
 []

</Users/Manu/Desktop/hog.png, id=178, 420.57124pt x 626.34pt>
File: /Users/Manu/Desktop/hog.png Graphic file (type png)

<use /Users/Manu/Desktop/hog.png>
Package pdftex.def Info: /Users/Manu/Desktop/hog.png used on input line 1256.
(pdftex.def)             Requested size: 167.29967pt x 249.15532pt.

Overfull \hbox (3.52943pt too wide) in paragraph at lines 1266--1268
[]\T1/futs/m/n/10.95 Anforderungen an Alignment-Algorithmus: ho-he Er-ken-nungs
-ra-te, we-nig FP, ro-bust, ein-
 []


Overfull \hbox (52.60442pt too wide) in paragraph at lines 1266--1268
\T1/futs/m/n/10.95 fa-che Be-rech-nung (Kom-plex-ti-t‰t O(#positions * #tem-pla
-tes * #con-tour-pi-xels * si-zeof(searchregion))
 []

</Users/Manu/Desktop/mohan.png, id=179, 957.5775pt x 645.41125pt>
File: /Users/Manu/Desktop/mohan.png Graphic file (type png)

<use /Users/Manu/Desktop/mohan.png>
Package pdftex.def Info: /Users/Manu/Desktop/mohan.png used on input line 1285.

(pdftex.def)             Requested size: 292.7776pt x 197.32777pt.
 [29 </Users/Manu/Desktop/hog.png>]
</Users/Manu/Desktop/hesse.png, id=184, 743.77875pt x 568.1225pt>
File: /Users/Manu/Desktop/hesse.png Graphic file (type png)

<use /Users/Manu/Desktop/hesse.png>
Package pdftex.def Info: /Users/Manu/Desktop/hesse.png used on input line 1312.

(pdftex.def)             Requested size: 125.47794pt x 95.84268pt.

Underfull \hbox (badness 10000) in paragraph at lines 1318--1319

 []

</Users/Manu/Desktop/ass.png, id=185, 783.92876pt x 545.03625pt>
File: /Users/Manu/Desktop/ass.png Graphic file (type png)

<use /Users/Manu/Desktop/ass.png>
Package pdftex.def Info: /Users/Manu/Desktop/ass.png used on input line 1323.
(pdftex.def)             Requested size: 146.39198pt x 101.77821pt.

Underfull \hbox (badness 1874) in paragraph at lines 1330--1331
[]\T1/futs/m/n/10.95 suche lo-ka-le Ma-xi-ma im Ska-len-raum des
 []

</Users/Manu/Desktop/log.png, id=186, 601.24625pt x 511.9125pt>
File: /Users/Manu/Desktop/log.png Graphic file (type png)

<use /Users/Manu/Desktop/log.png>
Package pdftex.def Info: /Users/Manu/Desktop/log.png used on input line 1335.
(pdftex.def)             Requested size: 125.47794pt x 106.83304pt.

Overfull \hbox (8.1865pt too wide) in paragraph at lines 1298--1338
[]$  $[]$
 []

[30 </Users/Manu/Desktop/mohan.png> </Users/Manu/Desktop/hesse.png> </Users/Man
u/Desktop/ass.png>]
</Users/Manu/Desktop/sift1.png, id=193, 915.42pt x 313.17pt>
File: /Users/Manu/Desktop/sift1.png Graphic file (type png)

<use /Users/Manu/Desktop/sift1.png>
Package pdftex.def Info: /Users/Manu/Desktop/sift1.png used on input line 1345.

(pdftex.def)             Requested size: 334.60571pt x 114.47095pt.

</Users/Manu/Desktop/sift2.png, id=194, 885.3075pt x 374.39874pt>
File: /Users/Manu/Desktop/sift2.png Graphic file (type png)

<use /Users/Manu/Desktop/sift2.png>
Package pdftex.def Info: /Users/Manu/Desktop/sift2.png used on input line 1347.

(pdftex.def)             Requested size: 334.60571pt x 141.50748pt.

</Users/Manu/Desktop/vvoc.png, id=195, 978.65625pt x 205.76875pt>
File: /Users/Manu/Desktop/vvoc.png Graphic file (type png)

<use /Users/Manu/Desktop/vvoc.png>
Package pdftex.def Info: /Users/Manu/Desktop/vvoc.png used on input line 1353.
(pdftex.def)             Requested size: 418.25555pt x 87.94193pt.
 [31 </Users/Manu/Desktop/log.png> </Users/Manu/Desktop/sift1.png> </Users/Manu
/Desktop/sift2.png>]
</Users/Manu/Desktop/star.png, id=203, 936.49875pt x 406.51875pt>
File: /Users/Manu/Desktop/star.png Graphic file (type png)

<use /Users/Manu/Desktop/star.png>
Package pdftex.def Info: /Users/Manu/Desktop/star.png used on input line 1369.
(pdftex.def)             Requested size: 292.7776pt x 127.09262pt.

</Users/Manu/Desktop/ght.png, id=204, 693.59125pt x 182.6825pt>
File: /Users/Manu/Desktop/ght.png Graphic file (type png)

<use /Users/Manu/Desktop/ght.png>
Package pdftex.def Info: /Users/Manu/Desktop/ght.png used on input line 1377.
(pdftex.def)             Requested size: 292.7776pt x 77.11636pt.

</Users/Manu/Desktop/ism.png, id=205, 960.58875pt x 586.19pt>
File: /Users/Manu/Desktop/ism.png Graphic file (type png)

<use /Users/Manu/Desktop/ism.png>
Package pdftex.def Info: /Users/Manu/Desktop/ism.png used on input line 1382.
(pdftex.def)             Requested size: 334.60571pt x 204.19461pt.
 [32 </Users/Manu/Desktop/vvoc.png> </Users/Manu/Desktop/star.png> </Users/Manu
/Desktop/ght.png>]
</Users/Manu/Desktop/rcnn.png, id=212, 891.33pt x 302.12875pt>
File: /Users/Manu/Desktop/rcnn.png Graphic file (type png)

<use /Users/Manu/Desktop/rcnn.png>
Package pdftex.def Info: /Users/Manu/Desktop/rcnn.png used on input line 1400.
(pdftex.def)             Requested size: 418.25555pt x 141.77463pt.
 [33 </Users/Manu/Desktop/ism.png>]
</Users/Manu/Desktop/frcnn.png, id=217, 647.41875pt x 245.91875pt>
File: /Users/Manu/Desktop/frcnn.png Graphic file (type png)

<use /Users/Manu/Desktop/frcnn.png>
Package pdftex.def Info: /Users/Manu/Desktop/frcnn.png used on input line 1419.

(pdftex.def)             Requested size: 418.25555pt x 158.8734pt.

</Users/Manu/Desktop/frcnn2.png, id=218, 938.50626pt x 440.64626pt>
File: /Users/Manu/Desktop/frcnn2.png Graphic file (type png)

<use /Users/Manu/Desktop/frcnn2.png>
Package pdftex.def Info: /Users/Manu/Desktop/frcnn2.png used on input line 1422
.
(pdftex.def)             Requested size: 418.25555pt x 196.37944pt.
 [34 </Users/Manu/Desktop/rcnn.png> </Users/Manu/Desktop/frcnn.png>] [35 </User
s/Manu/Desktop/frcnn2.png>]
</Users/Manu/Desktop/ssd.png, id=228, 755.82375pt x 281.05pt>
File: /Users/Manu/Desktop/ssd.png Graphic file (type png)

<use /Users/Manu/Desktop/ssd.png>
Package pdftex.def Info: /Users/Manu/Desktop/ssd.png used on input line 1460.
(pdftex.def)             Requested size: 418.25555pt x 155.52571pt.

Overfull \hbox (27.37506pt too wide) in paragraph at lines 1459--1461
[] 
 []

[36 </Users/Manu/Desktop/ssd.png>] [37]
</Users/Manu/Desktop/trian.png, id=237, 326.21875pt x 480.79625pt>
File: /Users/Manu/Desktop/trian.png Graphic file (type png)

<use /Users/Manu/Desktop/trian.png>
Package pdftex.def Info: /Users/Manu/Desktop/trian.png used on input line 1565.

(pdftex.def)             Requested size: 104.56389pt x 154.10738pt.
 [38 </Users/Manu/Desktop/trian.png>]
[39] [40]
Overfull \hbox (24.54381pt too wide) in paragraph at lines 1654--1655
[]\T1/futs/m/n/10.95 Evaluationsproblem: Be-rech-ne die Wahr-schein-lich-keit d
er Be-ob-ach-tun-gen $\FML/futmi/m/it/10.95 p\T1/futs/m/n/10.95 (\FML/futmi/m/i
t/10.95 x[]; x[]; :::; x[]\FMS/futm/m/n/10.95 j\FML/futmi/m/it/10.95 ^^U\T1/fut
s/m/n/10.95 )$,
 []


Overfull \hbox (5.93327pt too wide) in paragraph at lines 1655--1656
[]\T1/futs/m/n/10.95 Decodingproblem: Be-rech-ne die wahr-schein-lichs-te Zu-st
ands-se-quenz $\FML/futmi/m/it/10.95 s[]; s[]; :::; s[]$ \T1/futs/m/n/10.95 d.h
.
 []


Overfull \hbox (26.23778pt too wide) in paragraph at lines 1656--1657
[]\T1/futs/m/n/10.95 Learning/Optimationproblem: Fin-de HMM $\FML/futmi/m/it/10
.95 ^^U[]$ \T1/futs/m/n/10.95 dass gilt: $\FML/futmi/m/it/10.95 p\T1/futs/m/n/1
0.95 (\FML/futmi/m/it/10.95 x[]; x[]; :::; x[]\FMS/futm/m/n/10.95 j\FML/futmi/m
/it/10.95 ^^U[]\T1/futs/m/n/10.95 ) \FMS/futm/m/n/10.95 É \FML/futmi/m/it/10.95
 p\T1/futs/m/n/10.95 (\FML/futmi/m/it/10.95 x[]; x[]; :::; x[]\FMS/futm/m/n/10.
95 j\FML/futmi/m/it/10.95 ^^U\T1/futs/m/n/10.95 )$,
 []

</Users/Manu/Desktop/aar.png, id=248, 937.5025pt x 359.3425pt>
File: /Users/Manu/Desktop/aar.png Graphic file (type png)

<use /Users/Manu/Desktop/aar.png>
Package pdftex.def Info: /Users/Manu/Desktop/aar.png used on input line 1669.
(pdftex.def)             Requested size: 418.25555pt x 160.3154pt.
 [41 </Users/Manu/Desktop/aar.png>] [42]
</Users/Manu/Desktop/mbdb.png, id=256, 931.48pt x 534.99875pt>
File: /Users/Manu/Desktop/mbdb.png Graphic file (type png)

<use /Users/Manu/Desktop/mbdb.png>
Package pdftex.def Info: /Users/Manu/Desktop/mbdb.png used on input line 1754.
(pdftex.def)             Requested size: 418.25555pt x 240.22475pt.

Overfull \hbox (51.46509pt too wide) in paragraph at lines 1753--1755
[] 
 []

[43]
Overfull \hbox (7.10722pt too wide) in paragraph at lines 1760--1761
[]\T1/futs/m/n/10.95 weniger Pa-ra-me-ter als ver-gleich-ba-re her-kˆmm-li-che 
HMMs (Over-fit-ting ist we-ni-ger wahr-
 []

</Users/Manu/Desktop/features.png, id=261, 861.2175pt x 548.0475pt>
File: /Users/Manu/Desktop/features.png Graphic file (type png)

<use /Users/Manu/Desktop/features.png>
Package pdftex.def Info: /Users/Manu/Desktop/features.png used on input line 17
69.
(pdftex.def)             Requested size: 418.25555pt x 266.17067pt.
 [44 </Users/Manu/Desktop/mbdb.png>]
</Users/Manu/Desktop/spacetime.png, id=266, 968.61874pt x 616.3025pt>
File: /Users/Manu/Desktop/spacetime.png Graphic file (type png)

<use /Users/Manu/Desktop/spacetime.png>
Package pdftex.def Info: /Users/Manu/Desktop/spacetime.png used on input line 1
779.
(pdftex.def)             Requested size: 292.7776pt x 186.28397pt.

</Users/Manu/Desktop/bost.png, id=267, 844.15375pt x 439.6425pt> [45 </Users/Ma
nu/Desktop/features.png> </Users/Manu/Desktop/spacetime.png>]
File: /Users/Manu/Desktop/bost.png Graphic file (type png)

<use /Users/Manu/Desktop/bost.png>
Package pdftex.def Info: /Users/Manu/Desktop/bost.png used on input line 1783.
(pdftex.def)             Requested size: 418.25555pt x 217.83502pt.

</Users/Manu/Desktop/at.png, id=273, 898.35625pt x 212.795pt>
File: /Users/Manu/Desktop/at.png Graphic file (type png)

<use /Users/Manu/Desktop/at.png>
Package pdftex.def Info: /Users/Manu/Desktop/at.png used on input line 1787.
(pdftex.def)             Requested size: 418.25555pt x 99.07202pt.

</Users/Manu/Desktop/af.png, id=274, 862.22125pt x 690.58pt>
File: /Users/Manu/Desktop/af.png Graphic file (type png)

<use /Users/Manu/Desktop/af.png>
Package pdftex.def Info: /Users/Manu/Desktop/af.png used on input line 1794.
(pdftex.def)             Requested size: 418.25555pt x 334.98358pt.
 [46 </Users/Manu/Desktop/bost.png> </Users/Manu/Desktop/at.png>]
</Users/Manu/Desktop/hf.png, id=280, 985.6825pt x 597.23125pt>
File: /Users/Manu/Desktop/hf.png Graphic file (type png)

<use /Users/Manu/Desktop/hf.png>
Package pdftex.def Info: /Users/Manu/Desktop/hf.png used on input line 1804.
(pdftex.def)             Requested size: 418.25555pt x 253.42351pt.
 [47 </Users/Manu/Desktop/af.png>] [48 </Users/Manu/Desktop/hf.png>]
</Users/Manu/Desktop/mbh.png, id=289, 665.48625pt x 298.11375pt>
File: /Users/Manu/Desktop/mbh.png Graphic file (type png)

<use /Users/Manu/Desktop/mbh.png>
Package pdftex.def Info: /Users/Manu/Desktop/mbh.png used on input line 1881.
(pdftex.def)             Requested size: 418.25555pt x 187.36687pt.

Overfull \hbox (1.40231pt too wide) in paragraph at lines 1880--1882
[]\T1/futs/m/n/10.95 Motion Boun-da-ry Histro-gram (lo-ka-le Gra-di-en-ten von 
x- und y-Fluss und be-rech-ne HOG
 []


Overfull \hbox (27.37506pt too wide) in paragraph at lines 1880--1882
[] 
 []

[49] </Users/Manu/Desktop/cnnact.png, id=294, 770.88pt x 263.98625pt>
File: /Users/Manu/Desktop/cnnact.png Graphic file (type png)

<use /Users/Manu/Desktop/cnnact.png>
Package pdftex.def Info: /Users/Manu/Desktop/cnnact.png used on input line 1889
.
(pdftex.def)             Requested size: 418.25555pt x 143.23119pt.

Overfull \hbox (27.37506pt too wide) in paragraph at lines 1888--1890
[] 
 []

</Users/Manu/Desktop/mcnn.png, id=295, 603.25375pt x 336.25626pt>
File: /Users/Manu/Desktop/mcnn.png Graphic file (type png)

<use /Users/Manu/Desktop/mcnn.png>
Package pdftex.def Info: /Users/Manu/Desktop/mcnn.png used on input line 1891.
(pdftex.def)             Requested size: 418.25555pt x 233.13559pt.

Overfull \hbox (27.37506pt too wide) in paragraph at lines 1890--1892
[] 
 []

[50 </Users/Manu/Desktop/mbh.png> </Users/Manu/Desktop/cnnact.png>] [51 </Users
/Manu/Desktop/mcnn.png>] (./zusammenfassung_cv.aux) ) 
Here is how much of TeX's memory you used:
 7615 strings out of 493117
 113225 string characters out of 6135433
 303301 words of memory out of 5000000
 10812 multiletter control sequences out of 15000+600000
 100777 words of font info for 116 fonts, out of 8000000 for 9000
 1141 hyphenation exceptions out of 8191
 47i,11n,47p,319b,337s stack positions out of 5000i,500n,10000p,200000b,80000s
{/usr/local/texlive/2014/t
exmf-dist/fonts/enc/dvips/base/8r.enc}</usr/local/texlive/2014/texmf-dist/fonts
/type1/public/fourier/fourier-bb.pfb></usr/local/texlive/2014/texmf-dist/fonts/
type1/public/fourier/fourier-mex.pfb></usr/local/texlive/2014/texmf-dist/fonts/
type1/public/fourier/fourier-ml.pfb></usr/local/texlive/2014/texmf-dist/fonts/t
ype1/public/fourier/fourier-mlit.pfb></usr/local/texlive/2014/texmf-dist/fonts/
type1/public/fourier/fourier-ms.pfb></usr/local/texlive/2014/texmf-dist/fonts/t
ype1/adobe/utopia/putb8a.pfb></usr/local/texlive/2014/texmf-dist/fonts/type1/ad
obe/utopia/putr8a.pfb></usr/local/texlive/2014/texmf-dist/fonts/type1/adobe/uto
pia/putri8a.pfb>
Output written on zusammenfassung_cv.pdf (51 pages, 40923916 bytes).
PDF statistics:
 336 PDF objects out of 1000 (max. 8388607)
 141 compressed objects within 2 object streams
 0 named destinations out of 1000 (max. 500000)
 331 words of extra memory for PDF output out of 10000 (max. 10000000)

